<?xml version="1.0" encoding="UTF-8"?>
<!-- Generated by org.testng.reporters.JUnitXMLReporter -->
<testsuite ignored="0" hostname="Srinivasulu" failures="0" tests="2" name="Default test" time="16.637" errors="0" timestamp="2022-05-03T10:17:51 IST">
  <testcase classname="com.marvelbank.qa.testcases.DeleteCustomerPageTest" name="validateDeleteCustomerPageTitle" time="0.015"/>
  <testcase classname="com.marvelbank.qa.testcases.DeleteCustomerPageTest" name="deleteTheCustomer" time="0.92"/>
</testsuite> <!-- Default test -->
